This is pdfTeX, Version 3.14159265-2.6-1.40.20 (MiKTeX 2.9.7250 64-bit) (preloaded format=pdflatex 2020.1.9)  9 JAN 2020 20:05
entering extended mode
**./rybki.tex
(rybki.tex
LaTeX2e <2019-10-01> patch level 3
("C:\Users\HP\AppData\Local\Programs\MiKTeX 2.9\tex/latex/base\book.cls"
Document Class: book 2019/10/25 v1.4k Standard LaTeX document class
("C:\Users\HP\AppData\Local\Programs\MiKTeX 2.9\tex/latex/base\bk12.clo"
File: bk12.clo 2019/10/25 v1.4k Standard LaTeX file (size option)
)
\c@part=\count80
\c@chapter=\count81
\c@section=\count82
\c@subsection=\count83
\c@subsubsection=\count84
\c@paragraph=\count85
\c@subparagraph=\count86
\c@figure=\count87
\c@table=\count88
\abovecaptionskip=\skip41
\belowcaptionskip=\skip42
\bibindent=\dimen102
)
("C:\Users\HP\AppData\Local\Programs\MiKTeX 2.9\tex/latex/graphics\graphicx.sty
"
Package: graphicx 2017/06/01 v1.1a Enhanced LaTeX Graphics (DPC,SPQR)
 ("C:\Users\HP\AppData\Local\Programs\MiKTeX 2.9\tex/latex/graphics\keyval.sty"
Package: keyval 2014/10/28 v1.15 key=value parser (DPC)
\KV@toks@=\toks14
)
("C:\Users\HP\AppData\Local\Programs\MiKTeX 2.9\tex/latex/graphics\graphics.sty
"
Package: graphics 2019/11/01 v1.3d Standard LaTeX Graphics (DPC,SPQR)
 ("C:\Users\HP\AppData\Local\Programs\MiKTeX 2.9\tex/latex/graphics\trig.sty"
Package: trig 2016/01/03 v1.10 sin cos tan (DPC)
)
("C:\Users\HP\AppData\Local\Programs\MiKTeX 2.9\tex/latex/graphics-cfg\graphics
.cfg"
File: graphics.cfg 2016/06/04 v1.11 sample graphics configuration
)
Package graphics Info: Driver file: pdftex.def on input line 105.

("C:\Users\HP\AppData\Local\Programs\MiKTeX 2.9\tex/latex/graphics-def\pdftex.d
ef"
File: pdftex.def 2018/01/08 v1.0l Graphics/color driver for pdftex
))
\Gin@req@height=\dimen103
\Gin@req@width=\dimen104
) (rybki.aux)
\openout1 = `rybki.aux'.

LaTeX Font Info:    Checking defaults for OML/cmm/m/it on input line 6.
LaTeX Font Info:    ... okay on input line 6.
LaTeX Font Info:    Checking defaults for T1/cmr/m/n on input line 6.
LaTeX Font Info:    ... okay on input line 6.
LaTeX Font Info:    Checking defaults for OT1/cmr/m/n on input line 6.
LaTeX Font Info:    ... okay on input line 6.
LaTeX Font Info:    Checking defaults for OMS/cmsy/m/n on input line 6.
LaTeX Font Info:    ... okay on input line 6.
LaTeX Font Info:    Checking defaults for OMX/cmex/m/n on input line 6.
LaTeX Font Info:    ... okay on input line 6.
LaTeX Font Info:    Checking defaults for U/cmr/m/n on input line 6.
LaTeX Font Info:    ... okay on input line 6.

("C:\Users\HP\AppData\Local\Programs\MiKTeX 2.9\tex/context/base/mkii\supp-pdf.
mkii"
[Loading MPS to PDF converter (version 2006.09.02).]
\scratchcounter=\count89
\scratchdimen=\dimen105
\scratchbox=\box27
\nofMPsegments=\count90
\nofMParguments=\count91
\everyMPshowfont=\toks15
\MPscratchCnt=\count92
\MPscratchDim=\dimen106
\MPnumerator=\count93
\makeMPintoPDFobject=\count94
\everyMPtoPDFconversion=\toks16
)
("C:\Users\HP\AppData\Local\Programs\MiKTeX 2.9\tex/latex/epstopdf-pkg\epstopdf
-base.sty"
Package: epstopdf-base 2019/11/24 v2.7 Base part for package epstopdf

("C:\Users\HP\AppData\Local\Programs\MiKTeX 2.9\tex/generic/oberdiek\infwarerr.
sty"
Package: infwarerr 2016/05/16 v1.4 Providing info/warning/error messages (HO)
)
("C:\Users\HP\AppData\Local\Programs\MiKTeX 2.9\tex/latex/oberdiek\grfext.sty"
Package: grfext 2016/05/16 v1.2 Manage graphics extensions (HO)

("C:\Users\HP\AppData\Local\Programs\MiKTeX 2.9\tex/generic/oberdiek\kvdefineke
ys.sty"
Package: kvdefinekeys 2016/05/16 v1.4 Define keys (HO)

("C:\Users\HP\AppData\Local\Programs\MiKTeX 2.9\tex/generic/oberdiek\ltxcmds.st
y"
Package: ltxcmds 2016/05/16 v1.23 LaTeX kernel commands for general use (HO)
)))
("C:\Users\HP\AppData\Local\Programs\MiKTeX 2.9\tex/latex/oberdiek\kvoptions.st
y"
Package: kvoptions 2016/05/16 v3.12 Key value format for package options (HO)

("C:\Users\HP\AppData\Local\Programs\MiKTeX 2.9\tex/generic/oberdiek\kvsetkeys.
sty"
Package: kvsetkeys 2016/05/16 v1.17 Key value parser (HO)

("C:\Users\HP\AppData\Local\Programs\MiKTeX 2.9\tex/generic/oberdiek\etexcmds.s
ty"
Package: etexcmds 2016/05/16 v1.6 Avoid name clashes with e-TeX commands (HO)

("C:\Users\HP\AppData\Local\Programs\MiKTeX 2.9\tex/generic/iftex\ifluatex.sty"
Package: ifluatex 2019/10/25 v1.5 ifluatex legacy package. Use iftex instead.
("C:\Users\HP\AppData\Local\Programs\MiKTeX 2.9\tex/generic/iftex\iftex.sty"
Package: iftex 2019/11/07 v1.0c TeX engine tests
)))))
("C:\Users\HP\AppData\Local\Programs\MiKTeX 2.9\tex/latex/pdftexcmds\pdftexcmds
.sty"
Package: pdftexcmds 2019/11/24 v0.31 Utility functions of pdfTeX for LuaTeX (HO
)
Package pdftexcmds Info: \pdf@primitive is available.
Package pdftexcmds Info: \pdf@ifprimitive is available.
Package pdftexcmds Info: \pdfdraftmode found.
)
Package epstopdf-base Info: Redefining graphics rule for `.eps' on input line 4
42.
Package grfext Info: Graphics extension search list:
(grfext)             [.pdf,.png,.jpg,.mps,.jpeg,.jbig2,.jb2,.PDF,.PNG,.JPG,.JPE
G,.JBIG2,.JB2,.eps]
(grfext)             \AppendGraphicsExtensions on input line 460.
)
LaTeX Font Info:    External font `cmex10' loaded for size
(Font)              <14.4> on input line 7.
LaTeX Font Info:    External font `cmex10' loaded for size
(Font)              <7> on input line 7.
 [1


{C:/Users/HP/AppData/Local/MiKTeX/2.9/pdftex/config/pdftex.map}]
[2

] (rybki.toc
LaTeX Font Info:    External font `cmex10' loaded for size
(Font)              <12> on input line 2.
LaTeX Font Info:    External font `cmex10' loaded for size
(Font)              <8> on input line 2.
LaTeX Font Info:    External font `cmex10' loaded for size
(Font)              <6> on input line 2.
)
\tf@toc=\write3
\openout3 = `rybki.toc'.

 [3]
LaTeX Font Info:    Trying to load font information for OMS+cmr on input line 1
3.

("C:\Users\HP\AppData\Local\Programs\MiKTeX 2.9\tex/latex/base\omscmr.fd"
File: omscmr.fd 2014/09/29 v2.5h Standard LaTeX font definitions
)
LaTeX Font Info:    Font shape `OMS/cmr/m/n' in size <12> not available
(Font)              Font shape `OMS/cmsy/m/n' tried instead on input line 13.

[4]
Chapter 1.
<karp.jpg, id=19, 770.88pt x 513.41812pt>
File: karp.jpg Graphic file (type jpg)
<use karp.jpg>
Package pdftex.def Info: karp.jpg  used on input line 31.
(pdftex.def)             Requested size: 142.26378pt x 94.74583pt.

Overfull \hbox (8.43013pt too wide) in paragraph at lines 33--34
\OT1/cmr/m/n/12 Zlewiska morz Czarnego, Kaspi-jskiego i Ar-al-skiego. Liczne o
dmi-any hodowlane
 []

[5

 <./karp.jpg>] [6]
Chapter 2.
<okon.jpg, id=26, 233.6pt x 125.195pt>
File: okon.jpg Graphic file (type jpg)
<use okon.jpg>
Package pdftex.def Info: okon.jpg  used on input line 49.
(pdftex.def)             Requested size: 142.26378pt x 76.24466pt.
[7

 <./okon.jpg>] [8

]
Chapter 3.
<losos.jpg, id=34, 1027.84pt x 685.56125pt>
File: losos.jpg Graphic file (type jpg)
<use losos.jpg>
Package pdftex.def Info: losos.jpg  used on input line 64.
(pdftex.def)             Requested size: 142.26378pt x 94.87953pt.
[9 <./losos.jpg>] [10]
Chapter 4.
[11

] [12

] [13] (rybki.aux) ) 
Here is how much of TeX's memory you used:
 1595 strings out of 492484
 23185 string characters out of 3122961
 86690 words of memory out of 3000000
 5940 multiletter control sequences out of 15000+200000
 9806 words of font info for 34 fonts, out of 3000000 for 9000
 1141 hyphenation exceptions out of 8191
 55i,9n,32p,297b,235s stack positions out of 5000i,500n,10000p,200000b,50000s
<C:/Users/HP/AppData/Local/Programs/MiKTeX 2.9/fonts/type1/
public/amsfonts/cm/cmbx12.pfb><C:/Users/HP/AppData/Local/Programs/MiKTeX 2.9/fo
nts/type1/public/amsfonts/cm/cmmi12.pfb><C:/Users/HP/AppData/Local/Programs/MiK
TeX 2.9/fonts/type1/public/amsfonts/cm/cmmi8.pfb><C:/Users/HP/AppData/Local/Pro
grams/MiKTeX 2.9/fonts/type1/public/amsfonts/cm/cmr12.pfb><C:/Users/HP/AppData/
Local/Programs/MiKTeX 2.9/fonts/type1/public/amsfonts/cm/cmr17.pfb><C:/Users/HP
/AppData/Local/Programs/MiKTeX 2.9/fonts/type1/public/amsfonts/cm/cmr6.pfb><C:/
Users/HP/AppData/Local/Programs/MiKTeX 2.9/fonts/type1/public/amsfonts/cm/cmr8.
pfb><C:/Users/HP/AppData/Local/Programs/MiKTeX 2.9/fonts/type1/public/amsfonts/
cm/cmsl12.pfb><C:/Users/HP/AppData/Local/Programs/MiKTeX 2.9/fonts/type1/public
/amsfonts/cm/cmsy10.pfb><C:/Users/HP/AppData/Local/Programs/MiKTeX 2.9/fonts/ty
pe1/public/amsfonts/cm/cmsy8.pfb><C:/Users/HP/AppData/Local/Programs/MiKTeX 2.9
/fonts/type1/public/amsfonts/cm/cmti12.pfb>
Output written on rybki.pdf (13 pages, 273240 bytes).
PDF statistics:
 92 PDF objects out of 1000 (max. 8388607)
 0 named destinations out of 1000 (max. 500000)
 16 words of extra memory for PDF output out of 10000 (max. 10000000)

